<?xml version="1.0" encoding="UTF-8"?>
<testng-results ignored="0" total="2" passed="2" failed="0" skipped="0">
  <reporter-output>
  </reporter-output>
  <suite started-at="2022-02-11T17:02:27 IST" name="Default suite" finished-at="2022-02-11T17:02:27 IST" duration-ms="88">
    <groups>
    </groups>
    <test started-at="2022-02-11T17:02:27 IST" name="Default test" finished-at="2022-02-11T17:02:27 IST" duration-ms="88">
      <class name="testClass.TestNGCheck">
        <test-method is-config="true" signature="browsermethod()[pri:0, instance:testClass.TestNGCheck@5b03b9fe]" started-at="2022-02-11T17:02:27 IST" name="browsermethod" finished-at="2022-02-11T17:02:27 IST" duration-ms="9" status="PASS">
          <reporter-output>
          </reporter-output>
        </test-method> <!-- browsermethod -->
        <test-method is-config="true" signature="method1()[pri:0, instance:testClass.TestNGCheck@5b03b9fe]" started-at="2022-02-11T17:02:27 IST" name="method1" finished-at="2022-02-11T17:02:27 IST" duration-ms="0" status="PASS">
          <reporter-output>
          </reporter-output>
        </test-method> <!-- method1 -->
        <test-method signature="AddToCart()[pri:0, instance:testClass.TestNGCheck@5b03b9fe]" started-at="2022-02-11T17:02:27 IST" name="AddToCart" finished-at="2022-02-11T17:02:27 IST" duration-ms="8" status="PASS">
          <reporter-output>
          </reporter-output>
        </test-method> <!-- AddToCart -->
        <test-method is-config="true" signature="method2()[pri:0, instance:testClass.TestNGCheck@5b03b9fe]" started-at="2022-02-11T17:02:27 IST" name="method2" finished-at="2022-02-11T17:02:27 IST" duration-ms="1" status="PASS">
          <reporter-output>
          </reporter-output>
        </test-method> <!-- method2 -->
        <test-method is-config="true" signature="method1()[pri:0, instance:testClass.TestNGCheck@5b03b9fe]" started-at="2022-02-11T17:02:27 IST" name="method1" finished-at="2022-02-11T17:02:27 IST" duration-ms="1" status="PASS">
          <reporter-output>
          </reporter-output>
        </test-method> <!-- method1 -->
        <test-method signature="loginmethod()[pri:0, instance:testClass.TestNGCheck@5b03b9fe]" started-at="2022-02-11T17:02:27 IST" name="loginmethod" finished-at="2022-02-11T17:02:27 IST" duration-ms="3" status="PASS">
          <reporter-output>
          </reporter-output>
        </test-method> <!-- loginmethod -->
        <test-method is-config="true" signature="method2()[pri:0, instance:testClass.TestNGCheck@5b03b9fe]" started-at="2022-02-11T17:02:27 IST" name="method2" finished-at="2022-02-11T17:02:27 IST" duration-ms="1" status="PASS">
          <reporter-output>
          </reporter-output>
        </test-method> <!-- method2 -->
        <test-method is-config="true" signature="method3()[pri:0, instance:testClass.TestNGCheck@5b03b9fe]" started-at="2022-02-11T17:02:27 IST" name="method3" finished-at="2022-02-11T17:02:27 IST" duration-ms="1" status="PASS">
          <reporter-output>
          </reporter-output>
        </test-method> <!-- method3 -->
      </class> <!-- testClass.TestNGCheck -->
    </test> <!-- Default test -->
  </suite> <!-- Default suite -->
</testng-results>
